<?xml version="1.0" encoding="UTF-8"?>
<testng-results ignored="0" total="1" passed="1" failed="0" skipped="0">
  <reporter-output>
  </reporter-output>
  <suite started-at="2024-09-13T16:41:46 IST" name="Default suite" finished-at="2024-09-13T16:42:01 IST" duration-ms="14835">
    <groups>
    </groups>
    <test started-at="2024-09-13T16:41:46 IST" name="Default test" finished-at="2024-09-13T16:42:01 IST" duration-ms="14835">
      <class name="com.store.testCases.TC_Check_All_Optins_In_My_Profile_Page">
        <test-method is-config="true" signature="setupBrowser()[pri:0, instance:com.store.testCases.TC_Check_All_Optins_In_My_Profile_Page@71a8adcf]" started-at="2024-09-13T16:41:46 IST" name="setupBrowser" finished-at="2024-09-13T16:41:52 IST" duration-ms="6432" status="PASS">
          <reporter-output>
          </reporter-output>
        </test-method> <!-- setupBrowser -->
        <test-method signature="checkOptionsInProfile()[pri:0, instance:com.store.testCases.TC_Check_All_Optins_In_My_Profile_Page@71a8adcf]" started-at="2024-09-13T16:41:52 IST" name="checkOptionsInProfile" finished-at="2024-09-13T16:42:00 IST" duration-ms="8125" status="PASS">
          <reporter-output>
          </reporter-output>
        </test-method> <!-- checkOptionsInProfile -->
        <test-method is-config="true" signature="tearDown()[pri:0, instance:com.store.testCases.TC_Check_All_Optins_In_My_Profile_Page@71a8adcf]" started-at="2024-09-13T16:42:00 IST" name="tearDown" finished-at="2024-09-13T16:42:01 IST" duration-ms="250" status="PASS">
          <reporter-output>
          </reporter-output>
        </test-method> <!-- tearDown -->
      </class> <!-- com.store.testCases.TC_Check_All_Optins_In_My_Profile_Page -->
    </test> <!-- Default test -->
  </suite> <!-- Default suite -->
</testng-results>
